2019-12-19 0:19:59 - PHP Warning:  mysqli::__construct(): (HY000/1049): Unknown database 'banyuro' in C:\xampp\htdocs\opencart\upload\system\library\db\mysqli.php on line 7
2019-12-19 0:19:59 - PHP Warning:  DB\MySQLi::__construct(): Couldn't fetch mysqli in C:\xampp\htdocs\opencart\upload\system\library\db\mysqli.php on line 10
2019-12-19 0:19:59 - PHP Warning:  DB\MySQLi::__construct(): Couldn't fetch mysqli in C:\xampp\htdocs\opencart\upload\system\library\db\mysqli.php on line 10
2019-12-19 0:19:59 - PHP Notice:  Undefined variable: mysql in C:\xampp\htdocs\opencart\upload\install\controller\install\step_3.php on line 280
2019-12-19 0:19:59 - PHP Notice:  Trying to get property 'connect_error' of non-object in C:\xampp\htdocs\opencart\upload\install\controller\install\step_3.php on line 280
2019-12-19 0:20:15 - PHP Warning:  mysqli::__construct(): (HY000/1049): Unknown database 'banyuro' in C:\xampp\htdocs\opencart\upload\system\library\db\mysqli.php on line 7
2019-12-19 0:20:15 - PHP Warning:  DB\MySQLi::__construct(): Couldn't fetch mysqli in C:\xampp\htdocs\opencart\upload\system\library\db\mysqli.php on line 10
2019-12-19 0:20:15 - PHP Warning:  DB\MySQLi::__construct(): Couldn't fetch mysqli in C:\xampp\htdocs\opencart\upload\system\library\db\mysqli.php on line 10
2019-12-19 0:20:15 - PHP Notice:  Undefined variable: mysql in C:\xampp\htdocs\opencart\upload\install\controller\install\step_3.php on line 280
2019-12-19 0:20:15 - PHP Notice:  Trying to get property 'connect_error' of non-object in C:\xampp\htdocs\opencart\upload\install\controller\install\step_3.php on line 280
2019-12-19 3:13:55 - PHP Warning:  mail(): Failed to connect to mailserver at &quot;localhost&quot; port 25, verify your &quot;SMTP&quot; and &quot;smtp_port&quot; setting in php.ini or use ini_set() in C:\xampp\htdocs\opencart\upload\system\library\mail\mail.php on line 77
2019-12-24 4:28:16 - PHP Warning:  mail(): Failed to connect to mailserver at &quot;localhost&quot; port 25, verify your &quot;SMTP&quot; and &quot;smtp_port&quot; setting in php.ini or use ini_set() in C:\xampp\htdocs\opencart\upload\system\library\mail\mail.php on line 77
2019-12-24 4:28:18 - PHP Warning:  mail(): Failed to connect to mailserver at &quot;localhost&quot; port 25, verify your &quot;SMTP&quot; and &quot;smtp_port&quot; setting in php.ini or use ini_set() in C:\xampp\htdocs\opencart\upload\system\library\mail\mail.php on line 77
2019-12-24 4:28:54 - PHP Warning:  mail(): SMTP server response: 553 We do not relay non-local mail, sorry. in C:\xampp\htdocs\opencart\upload\system\library\mail\mail.php on line 77
2019-12-24 4:30:13 - PHP Warning:  mail(): SMTP server response: 553 We do not relay non-local mail, sorry. in C:\xampp\htdocs\opencart\upload\system\library\mail\mail.php on line 77
2019-12-24 4:30:13 - PHP Warning:  mail(): SMTP server response: 553 We do not relay non-local mail, sorry. in C:\xampp\htdocs\opencart\upload\system\library\mail\mail.php on line 77
2019-12-24 5:42:45 - PHP Warning:  mail(): SMTP server response: 553 We do not relay non-local mail, sorry. in C:\xampp\htdocs\opencart\upload\system\library\mail\mail.php on line 77
2019-12-24 5:42:45 - PHP Warning:  mail(): SMTP server response: 553 We do not relay non-local mail, sorry. in C:\xampp\htdocs\opencart\upload\system\library\mail\mail.php on line 77
2019-12-24 5:49:02 - PHP Warning:  mail(): SMTP server response: 553 We do not relay non-local mail, sorry. in C:\xampp\htdocs\opencart\upload\system\library\mail\mail.php on line 77
2019-12-24 5:49:02 - PHP Warning:  mail(): SMTP server response: 553 We do not relay non-local mail, sorry. in C:\xampp\htdocs\opencart\upload\system\library\mail\mail.php on line 77
