2019-12-22 22:14:49 - MOD: Modification Default

FILE: system/engine/action.php
REGEX: ~(require|include)(_once)?\(([^)]+)~
LINE: 69

FILE: system/engine/loader.php
REGEX: ~(require|include)(_once)?\(([^)]+)~
LINE: 77
LINE: 151
LINE: 168

FILE: system/library/config.php
REGEX: ~(require|include)(_once)?\(([^)]+)~
LINE: 59

FILE: system/library/language.php
REGEX: ~(require|include)(_once)?\(([^)]+)~
LINE: 67
LINE: 73

FILE: system/library/template/template.php
REGEX: ~(require|include)(_once)?\(([^)]+)~
LINE: 18

FILE: system/library/template/twig.php
CODE: $loader = new \Twig_Loader_Filesystem(DIR_TEMPLATE);
LINE: 19
----------------------------------------------------------------
MOD: Mint Leaf

FILE: catalog/controller/common/menu.php
CODE: return $this->load->view('common/menu', $data);
LINE: 59

FILE: catalog/language/en-gb/common/cart.php
CODE: %s item(s) - %s
LINE: 2
----------------------------------------------------------------
2019-12-22 22:18:17 - MOD: Modification Default

FILE: system/engine/action.php
REGEX: ~(require|include)(_once)?\(([^)]+)~
LINE: 69

FILE: system/engine/loader.php
REGEX: ~(require|include)(_once)?\(([^)]+)~
LINE: 77
LINE: 151
LINE: 168

FILE: system/library/config.php
REGEX: ~(require|include)(_once)?\(([^)]+)~
LINE: 59

FILE: system/library/language.php
REGEX: ~(require|include)(_once)?\(([^)]+)~
LINE: 67
LINE: 73

FILE: system/library/template/template.php
REGEX: ~(require|include)(_once)?\(([^)]+)~
LINE: 18

FILE: system/library/template/twig.php
CODE: $loader = new \Twig_Loader_Filesystem(DIR_TEMPLATE);
LINE: 19
----------------------------------------------------------------
MOD: Mint Leaf

FILE: catalog/controller/common/menu.php
CODE: return $this->load->view('common/menu', $data);
LINE: 59

FILE: catalog/language/en-gb/common/cart.php
CODE: %s item(s) - %s
LINE: 2
----------------------------------------------------------------
2019-12-24 4:18:59 - MOD: Modification Default

FILE: system/engine/action.php
REGEX: ~(require|include)(_once)?\(([^)]+)~
LINE: 69

FILE: system/engine/loader.php
REGEX: ~(require|include)(_once)?\(([^)]+)~
LINE: 77
LINE: 151
LINE: 168

FILE: system/library/config.php
REGEX: ~(require|include)(_once)?\(([^)]+)~
LINE: 59

FILE: system/library/language.php
REGEX: ~(require|include)(_once)?\(([^)]+)~
LINE: 67
LINE: 73

FILE: system/library/template/template.php
REGEX: ~(require|include)(_once)?\(([^)]+)~
LINE: 18

FILE: system/library/template/twig.php
CODE: $loader = new \Twig_Loader_Filesystem(DIR_TEMPLATE);
LINE: 19
----------------------------------------------------------------
MOD: Mint Leaf

FILE: catalog/controller/common/menu.php
CODE: return $this->load->view('common/menu', $data);
LINE: 59

FILE: catalog/language/en-gb/common/cart.php
CODE: %s item(s) - %s
LINE: 2
----------------------------------------------------------------
2019-12-24 4:21:38 - MOD: Modification Default

FILE: system/engine/action.php
REGEX: ~(require|include)(_once)?\(([^)]+)~
LINE: 69

FILE: system/engine/loader.php
REGEX: ~(require|include)(_once)?\(([^)]+)~
LINE: 77
LINE: 151
LINE: 168

FILE: system/library/config.php
REGEX: ~(require|include)(_once)?\(([^)]+)~
LINE: 59

FILE: system/library/language.php
REGEX: ~(require|include)(_once)?\(([^)]+)~
LINE: 67
LINE: 73

FILE: system/library/template/template.php
REGEX: ~(require|include)(_once)?\(([^)]+)~
LINE: 18

FILE: system/library/template/twig.php
CODE: $loader = new \Twig_Loader_Filesystem(DIR_TEMPLATE);
LINE: 19
----------------------------------------------------------------
MOD: Mint Leaf

FILE: catalog/controller/common/menu.php
CODE: return $this->load->view('common/menu', $data);
LINE: 59

FILE: catalog/language/en-gb/common/cart.php
CODE: %s item(s) - %s
LINE: 2
----------------------------------------------------------------
